c:\users\mhn07\source\repos\project1\project1\x64\debug\vc143.pdb
c:\users\mhn07\source\repos\project1\project1\x64\debug\vc143.idb
c:\users\mhn07\source\repos\project1\project1\x64\debug\실습.obj
c:\users\mhn07\source\repos\project1\project1\x64\debug\score.obj
c:\users\mhn07\source\repos\project1\project1\x64\debug\7주차.obj
c:\users\mhn07\source\repos\project1\project1\x64\debug\6주차.obj
c:\users\mhn07\source\repos\project1\project1\x64\debug\5주차.obj
c:\users\mhn07\source\repos\project1\project1\x64\debug\4주차.obj
c:\users\mhn07\source\repos\project1\project1\x64\debug\9주차.obj
c:\users\mhn07\source\repos\project1\project1\x64\debug\10주차.obj
c:\users\mhn07\source\repos\project1\project1\x64\debug\11주차.obj
c:\users\mhn07\source\repos\project1\project1\x64\debug\12주차.obj
c:\users\mhn07\source\repos\project1\project1\x64\debug\13주차.obj
c:\users\mhn07\source\repos\project1\x64\debug\실습.pdb
c:\users\mhn07\source\repos\project1\project1\x64\debug\실습.tlog\cl.command.1.tlog
c:\users\mhn07\source\repos\project1\project1\x64\debug\실습.tlog\cl.read.1.tlog
c:\users\mhn07\source\repos\project1\project1\x64\debug\실습.tlog\cl.write.1.tlog
c:\users\mhn07\source\repos\project1\project1\x64\debug\실습.tlog\link-cvtres.read.1.tlog
c:\users\mhn07\source\repos\project1\project1\x64\debug\실습.tlog\link-cvtres.write.1.tlog
c:\users\mhn07\source\repos\project1\project1\x64\debug\실습.tlog\link-rc.read.1.tlog
c:\users\mhn07\source\repos\project1\project1\x64\debug\실습.tlog\link-rc.write.1.tlog
c:\users\mhn07\source\repos\project1\project1\x64\debug\실습.tlog\link.15788-cvtres.read.1.tlog
c:\users\mhn07\source\repos\project1\project1\x64\debug\실습.tlog\link.15788-cvtres.write.1.tlog
c:\users\mhn07\source\repos\project1\project1\x64\debug\실습.tlog\link.15788-rc.read.1.tlog
c:\users\mhn07\source\repos\project1\project1\x64\debug\실습.tlog\link.15788-rc.write.1.tlog
c:\users\mhn07\source\repos\project1\project1\x64\debug\실습.tlog\link.15788.read.1.tlog
c:\users\mhn07\source\repos\project1\project1\x64\debug\실습.tlog\link.15788.read.2.tlog
c:\users\mhn07\source\repos\project1\project1\x64\debug\실습.tlog\link.15788.write.1.tlog
c:\users\mhn07\source\repos\project1\project1\x64\debug\실습.tlog\link.command.1.tlog
c:\users\mhn07\source\repos\project1\project1\x64\debug\실습.tlog\link.read.1.tlog
c:\users\mhn07\source\repos\project1\project1\x64\debug\실습.tlog\link.read.2.tlog
c:\users\mhn07\source\repos\project1\project1\x64\debug\실습.tlog\link.write.1.tlog
